<?xml version="1.0" encoding="UTF-8" ?>
<testsuite failures="1" time="30.118" errors="0" skipped="0" tests="13" name="TestSuite">
  <properties>
[...]
</properties>
  <testcase time="1.027" classname="backend.MakeUserTest" name="openUserPage"/>
  <testcase time="1.225" classname="backend.BackendLoginTest" name="frontendSetup"/>
  <testcase time="1.374" classname="frontend.FrontendLoginTest" name="frontendSetup"/>
  <testcase time="0.667" classname="backend.BackendLoginTest" name="frontendInvalidUserLogin"/>
  <testcase time="0.782" classname="backend.BackendLoginTest" name="frontendInvalidPassLogin"/>
  <testcase time="0.725" classname="backend.BackendLoginTest" name="frontendInvalidLogin"/>
  <testcase time="0.933" classname="frontend.FrontendLoginTest" name="frontendInvalidLogin"/>
  <testcase time="0.867" classname="frontend.FrontendLoginTest" name="frontendInvalidPassLogin"/>
  <testcase time="0.76" classname="frontend.FrontendLoginTest" name="frontendInvalidUserLogin"/>
  <testcase time="0.862" classname="backend.BackendLoginTest" name="frontendValidLogin"/>
  <testcase time="5.832" classname="frontend.FrontendLoginTest" name="frontendValidLogin"/>
  <testcase time="1.87" classname="backend.MakeUserTest" name="makeUser"/>
  <testcase time="0.148" classname="backend.MakeUserTest" name="validateNewUser">
    <failure message="unknown error: Element is not clickable at point (44, 227). Other element would receive the click: &lt;div class=&quot;ui-widget-overlay&quot; style=&quot;width: 1025px; height: 744px; z-index: 1001;&quot;&gt;&lt;/div&gt;
  (Session info: chrome=46.0.2490.80)
  (Driver info: chromedriver=2.20.353141 (da3cb4b52d3a04ce079546eac4dc96182f58602b),platform=Linux 3.13.0-66-generic x86) (WARNING: The server did not provide any stacktrace information)
Command duration or timeout: 66 milliseconds
Build info: version: &apos;2.43.0&apos;, revision: &apos;accb3003b9fb8f7cae30f9669b4c594a065396a6&apos;, time: &apos;2014-09-09 22:22:51&apos;
System info: host: &apos;camiel-linuxLaptop&apos;, ip: &apos;127.0.1.1&apos;, os.name: &apos;Linux&apos;, os.arch: &apos;i386&apos;, os.version: &apos;3.13.0-66-generic&apos;, java.version: &apos;1.7.0_79&apos;
Session ID: 9417a5b63a6a1b395c082c5e6f437f01
Driver info: org.openqa.selenium.chrome.ChromeDriver
Capabilities [{platform=LINUX, acceptSslCerts=true, javascriptEnabled=true, browserName=chrome, chrome={userDataDir=/tmp/.com.google.Chrome.6qrzy7}, rotatable=false, locationContextEnabled=true, mobileEmulationEnabled=false, version=46.0.2490.80, takesHeapSnapshot=true, cssSelectorsEnabled=true, databaseEnabled=false, handlesAlerts=true, browserConnectionEnabled=false, nativeEvents=true, webStorageEnabled=true, hasTouchScreen=false, applicationCacheEnabled=false, takesScreenshot=true}]" type="org.openqa.selenium.WebDriverException">org.openqa.selenium.WebDriverException: unknown error: Element is not clickable at point (44, 227). Other element would receive the click: &lt;div class=&quot;ui-widget-overlay&quot; style=&quot;width: 1025px; height: 744px; z-index: 1001;&quot;&gt;&lt;/div&gt;
  (Session info: chrome=46.0.2490.80)
  (Driver info: chromedriver=2.20.353141 (da3cb4b52d3a04ce079546eac4dc96182f58602b),platform=Linux 3.13.0-66-generic x86) (WARNING: The server did not provide any stacktrace information)
Command duration or timeout: 66 milliseconds
Build info: version: &apos;2.43.0&apos;, revision: &apos;accb3003b9fb8f7cae30f9669b4c594a065396a6&apos;, time: &apos;2014-09-09 22:22:51&apos;
System info: host: &apos;camiel-linuxLaptop&apos;, ip: &apos;127.0.1.1&apos;, os.name: &apos;Linux&apos;, os.arch: &apos;i386&apos;, os.version: &apos;3.13.0-66-generic&apos;, java.version: &apos;1.7.0_79&apos;
Session ID: 9417a5b63a6a1b395c082c5e6f437f01
Driver info: org.openqa.selenium.chrome.ChromeDriver
Capabilities [{platform=LINUX, acceptSslCerts=true, javascriptEnabled=true, browserName=chrome, chrome={userDataDir=/tmp/.com.google.Chrome.6qrzy7}, rotatable=false, locationContextEnabled=true, mobileEmulationEnabled=false, version=46.0.2490.80, takesHeapSnapshot=true, cssSelectorsEnabled=true, databaseEnabled=false, handlesAlerts=true, browserConnectionEnabled=false, nativeEvents=true, webStorageEnabled=true, hasTouchScreen=false, applicationCacheEnabled=false, takesScreenshot=true}]
	at sun.reflect.NativeConstructorAccessorImpl.newInstance0(Native Method)
	at sun.reflect.NativeConstructorAccessorImpl.newInstance(NativeConstructorAccessorImpl.java:57)
	at sun.reflect.DelegatingConstructorAccessorImpl.newInstance(DelegatingConstructorAccessorImpl.java:45)
	at java.lang.reflect.Constructor.newInstance(Constructor.java:526)
	at org.openqa.selenium.remote.ErrorHandler.createThrowable(ErrorHandler.java:204)
	at org.openqa.selenium.remote.ErrorHandler.throwIfResponseFailed(ErrorHandler.java:156)
	at org.openqa.selenium.remote.RemoteWebDriver.execute(RemoteWebDriver.java:599)
	at org.openqa.selenium.remote.RemoteWebElement.execute(RemoteWebElement.java:268)
	at org.openqa.selenium.remote.RemoteWebElement.click(RemoteWebElement.java:79)
	at backend.MakeUserTest.validateNewUser(MakeUserTest.java:71)
</failure>
  </testcase>
</testsuite>