<?xml version="1.0" encoding="UTF-8"?><testsuite><properties/><testcase classname="com/test/jbehave/stories/frontend/ophalenClientgegevens.story" name="/ophalenClientgegevens.story" time="32"/><testcase classname="com/test/jbehave/stories/frontend/bsnValidation.story" name="/bsnValidation.story" time="42"><failure message="          org.junit.ComparisonFailure: expected:&amp;lt;icon-[ok]&amp;gt; but was:&amp;lt;icon-[warning-sign]&amp;gt;          &#9;at org.junit.Assert.assertEquals(Assert.java:115)          &#9;at org.junit.Assert.assertEquals(Assert.java:144)          &#9;at com.test.jbehave.steps.frontend.AanmeldingClientSteps.checkBSNAccepted(AanmeldingClientSteps.java:83)          &#9;(reflection-invoke)          &#9;at org.jbehave.core.steps.StepCreator$ParametrisedStep.perform(StepCreator.java:599)          &#9;at org.jbehave.core.embedder.PerformableTree$FineSoFar.run(PerformableTree.java:333)          ...          org.junit.ComparisonFailure: expected:&amp;lt;icon-[remove]&amp;gt; but was:&amp;lt;icon-[warning-sign]&amp;gt;          &#9;at org.junit.Assert.assertEquals(Assert.java:115)          &#9;at org.junit.Assert.assertEquals(Assert.java:144)          &#9;at com.test.jbehave.steps.frontend.AanmeldingClientSteps.checkBSNRejected(AanmeldingClientSteps.java:72)          &#9;(reflection-invoke)          &#9;at org.jbehave.core.steps.StepCreator$ParametrisedStep.perform(StepCreator.java:599)          &#9;at org.jbehave.core.embedder.PerformableTree$FineSoFar.run(PerformableTree.java:333)          ..."/></testcase><testcase classname="com/test/jbehave/stories/frontend/aanmakenZiektenbeeld.story" name="/aanmakenZiektenbeeld.story" time="18"/><testcase classname="com/test/jbehave/stories/frontend/OverigeTests.story" name="/OverigeTests.story" time="10"/><testcase classname="com/test/jbehave/stories/frontend/inladenKeuzemogelijkheden.story" name="/inladenKeuzemogelijkheden.story" time="1"><failure message="          java.lang.AssertionError: expected:&amp;lt;true&amp;gt; but was:&amp;lt;false&amp;gt;          &#9;at org.junit.Assert.fail(Assert.java:88)          &#9;at org.junit.Assert.failNotEquals(Assert.java:743)          &#9;at org.junit.Assert.assertEquals(Assert.java:118)          &#9;at org.junit.Assert.assertEquals(Assert.java:144)          &#9;at com.test.jbehave.steps.frontend.AanmeldingClientSteps.checkListItems(AanmeldingClientSteps.java:88)          &#9;(reflection-invoke)          &#9;at org.jbehave.core.steps.StepCreator$ParametrisedStep.perform(StepCreator.java:599)          &#9;at org.jbehave.core.embedder.PerformableTree$FineSoFar.run(PerformableTree.java:333)          ..."/></testcase><testcase classname="com/test/jbehave/stories/frontend/frontendLogin.story" name="/frontendLogin.story" time="10"/><testcase classname="com/test/jbehave/stories/frontend/adresgegevensOphalen.story" name="/adresgegevensOphalen.story" time="1"/><testcase classname="com/test/jbehave/stories/backend/backendLogin.story" name="backendLogin.story" time="12"/><testcase classname="com/test/jbehave/stories/backend/makeUser.story" name="makeUser.story" time="7"/></testsuite>