<?xml version="1.0" encoding="UTF-8"?>
<testng-results skipped="0" failed="1" total="13" passed="12">
  <reporter-output>
  </reporter-output>
  <suite name="Command line suite" duration-ms="17400" started-at="2016-01-22T13:33:05Z" finished-at="2016-01-22T13:33:22Z">
    <groups>
    </groups>
    <test name="Command line test" duration-ms="17400" started-at="2016-01-22T13:33:05Z" finished-at="2016-01-22T13:33:22Z">
      <class name="backend.MakeUserTest">
        <test-method status="PASS" signature="openUserPage()[pri:0, instance:backend.MakeUserTest@186f987]" name="openUserPage" duration-ms="1057" started-at="2016-01-22T14:33:05Z" description="open user panel" finished-at="2016-01-22T14:33:06Z">
          <reporter-output>
          </reporter-output>
        </test-method> <!-- openUserPage -->
        <test-method status="PASS" signature="makeUser()[pri:0, instance:backend.MakeUserTest@186f987]" name="makeUser" duration-ms="2090" started-at="2016-01-22T14:33:20Z" description="create user" depends-on-methods="backend.MakeUserTest.openUserPage" finished-at="2016-01-22T14:33:22Z">
          <reporter-output>
          </reporter-output>
        </test-method> <!-- makeUser -->
        <test-method status="FAIL" signature="validateNewUser()[pri:0, instance:backend.MakeUserTest@186f987]" name="validateNewUser" duration-ms="112" started-at="2016-01-22T14:33:22Z" description="check if new user was succesfully added" depends-on-methods="backend.MakeUserTest.makeUser" finished-at="2016-01-22T14:33:22Z">
          <exception class="org.openqa.selenium.WebDriverException">
            <message>
              <![CDATA[unknown error: Element is not clickable at point (44, 189). Other element would receive the click: <div class="ui-widget-overlay" style="width: 1025px; height: 744px; z-index: 1001;"></div>
  (Session info: chrome=46.0.2490.80)
  (Driver info: chromedriver=2.20.353141 (da3cb4b52d3a04ce079546eac4dc96182f58602b),platform=Linux 3.13.0-66-generic x86) (WARNING: The server did not provide any stacktrace information)
Command duration or timeout: 54 milliseconds
Build info: version: '2.43.0', revision: 'accb3003b9fb8f7cae30f9669b4c594a065396a6', time: '2014-09-09 22:22:51'
System info: host: 'camiel-linuxLaptop', ip: '127.0.1.1', os.name: 'Linux', os.arch: 'i386', os.version: '3.13.0-66-generic', java.version: '1.7.0_79'
Session ID: 839236c0eb96850268853a5b31021736
Driver info: org.openqa.selenium.chrome.ChromeDriver
Capabilities [{platform=LINUX, acceptSslCerts=true, javascriptEnabled=true, browserName=chrome, chrome={userDataDir=/tmp/.com.google.Chrome.oBh8G6}, rotatable=false, locationContextEnabled=true, mobileEmulationEnabled=false, version=46.0.2490.80, takesHeapSnapshot=true, cssSelectorsEnabled=true, databaseEnabled=false, handlesAlerts=true, browserConnectionEnabled=false, nativeEvents=true, webStorageEnabled=true, hasTouchScreen=false, applicationCacheEnabled=false, takesScreenshot=true}]]]>
            </message>
            <full-stacktrace>
              <![CDATA[org.openqa.selenium.WebDriverException: unknown error: Element is not clickable at point (44, 189). Other element would receive the click: <div class="ui-widget-overlay" style="width: 1025px; height: 744px; z-index: 1001;"></div>
  (Session info: chrome=46.0.2490.80)
  (Driver info: chromedriver=2.20.353141 (da3cb4b52d3a04ce079546eac4dc96182f58602b),platform=Linux 3.13.0-66-generic x86) (WARNING: The server did not provide any stacktrace information)
Command duration or timeout: 54 milliseconds
Build info: version: '2.43.0', revision: 'accb3003b9fb8f7cae30f9669b4c594a065396a6', time: '2014-09-09 22:22:51'
System info: host: 'camiel-linuxLaptop', ip: '127.0.1.1', os.name: 'Linux', os.arch: 'i386', os.version: '3.13.0-66-generic', java.version: '1.7.0_79'
Session ID: 839236c0eb96850268853a5b31021736
Driver info: org.openqa.selenium.chrome.ChromeDriver
Capabilities [{platform=LINUX, acceptSslCerts=true, javascriptEnabled=true, browserName=chrome, chrome={userDataDir=/tmp/.com.google.Chrome.oBh8G6}, rotatable=false, locationContextEnabled=true, mobileEmulationEnabled=false, version=46.0.2490.80, takesHeapSnapshot=true, cssSelectorsEnabled=true, databaseEnabled=false, handlesAlerts=true, browserConnectionEnabled=false, nativeEvents=true, webStorageEnabled=true, hasTouchScreen=false, applicationCacheEnabled=false, takesScreenshot=true}]
	at sun.reflect.NativeConstructorAccessorImpl.newInstance0(Native Method)
	at sun.reflect.NativeConstructorAccessorImpl.newInstance(NativeConstructorAccessorImpl.java:57)
	at sun.reflect.DelegatingConstructorAccessorImpl.newInstance(DelegatingConstructorAccessorImpl.java:45)
	at java.lang.reflect.Constructor.newInstance(Constructor.java:526)
	at org.openqa.selenium.remote.ErrorHandler.createThrowable(ErrorHandler.java:204)
	at org.openqa.selenium.remote.ErrorHandler.throwIfResponseFailed(ErrorHandler.java:156)
	at org.openqa.selenium.remote.RemoteWebDriver.execute(RemoteWebDriver.java:599)
	at org.openqa.selenium.remote.RemoteWebElement.execute(RemoteWebElement.java:268)
	at org.openqa.selenium.remote.RemoteWebElement.click(RemoteWebElement.java:79)
	at backend.MakeUserTest.validateNewUser(MakeUserTest.java:71)
	at sun.reflect.NativeMethodAccessorImpl.invoke0(Native Method)
	at sun.reflect.NativeMethodAccessorImpl.invoke(NativeMethodAccessorImpl.java:57)
	at sun.reflect.DelegatingMethodAccessorImpl.invoke(DelegatingMethodAccessorImpl.java:43)
	at java.lang.reflect.Method.invoke(Method.java:606)
	at org.testng.internal.MethodInvocationHelper.invokeMethod(MethodInvocationHelper.java:85)
	at org.testng.internal.Invoker.invokeMethod(Invoker.java:659)
	at org.testng.internal.Invoker.invokeTestMethod(Invoker.java:845)
	at org.testng.internal.Invoker.invokeTestMethods(Invoker.java:1153)
	at org.testng.internal.TestMethodWorker.invokeTestMethods(TestMethodWorker.java:125)
	at org.testng.internal.TestMethodWorker.run(TestMethodWorker.java:108)
	at org.testng.TestRunner.privateRun(TestRunner.java:771)
	at org.testng.TestRunner.run(TestRunner.java:621)
	at org.testng.SuiteRunner.runTest(SuiteRunner.java:357)
	at org.testng.SuiteRunner.runSequentially(SuiteRunner.java:352)
	at org.testng.SuiteRunner.privateRun(SuiteRunner.java:310)
	at org.testng.SuiteRunner.run(SuiteRunner.java:259)
	at org.testng.SuiteRunnerWorker.runSuite(SuiteRunnerWorker.java:52)
	at org.testng.SuiteRunnerWorker.run(SuiteRunnerWorker.java:86)
	at org.testng.TestNG.runSuitesSequentially(TestNG.java:1199)
	at org.testng.TestNG.runSuitesLocally(TestNG.java:1124)
	at org.testng.TestNG.run(TestNG.java:1032)
	at org.apache.maven.surefire.testng.TestNGExecutor.run(TestNGExecutor.java:70)
	at org.apache.maven.surefire.testng.TestNGDirectoryTestSuite.executeMulti(TestNGDirectoryTestSuite.java:160)
	at org.apache.maven.surefire.testng.TestNGDirectoryTestSuite.execute(TestNGDirectoryTestSuite.java:100)
	at org.apache.maven.surefire.testng.TestNGProvider.invoke(TestNGProvider.java:115)
	at sun.reflect.NativeMethodAccessorImpl.invoke0(Native Method)
	at sun.reflect.NativeMethodAccessorImpl.invoke(NativeMethodAccessorImpl.java:57)
	at sun.reflect.DelegatingMethodAccessorImpl.invoke(DelegatingMethodAccessorImpl.java:43)
	at java.lang.reflect.Method.invoke(Method.java:606)
	at org.apache.maven.surefire.util.ReflectionUtils.invokeMethodWithArray(ReflectionUtils.java:188)
	at org.apache.maven.surefire.booter.ProviderFactory$ProviderProxy.invoke(ProviderFactory.java:166)
	at org.apache.maven.surefire.booter.ProviderFactory.invokeProvider(ProviderFactory.java:86)
	at org.apache.maven.surefire.booter.ForkedBooter.runSuitesInProcess(ForkedBooter.java:101)
	at org.apache.maven.surefire.booter.ForkedBooter.main(ForkedBooter.java:74)
]]>
            </full-stacktrace>
          </exception> <!-- org.openqa.selenium.WebDriverException -->
          <reporter-output>
          </reporter-output>
        </test-method> <!-- validateNewUser -->
      </class> <!-- backend.MakeUserTest -->
      <class name="frontend.FrontendLoginTest">
        <test-method status="PASS" signature="frontendSetup()[pri:0, instance:frontend.FrontendLoginTest@194b34a]" name="frontendSetup" duration-ms="1379" started-at="2016-01-22T14:33:07Z" description="wfp frontend setup" finished-at="2016-01-22T14:33:09Z">
          <reporter-output>
          </reporter-output>
        </test-method> <!-- frontendSetup -->
        <test-method status="PASS" signature="frontendInvalidLogin()[pri:0, instance:frontend.FrontendLoginTest@194b34a]" name="frontendInvalidLogin" duration-ms="883" started-at="2016-01-22T14:33:11Z" description="wfp frontend invalid credentials login" finished-at="2016-01-22T14:33:12Z">
          <reporter-output>
          </reporter-output>
        </test-method> <!-- frontendInvalidLogin -->
        <test-method status="PASS" signature="frontendInvalidPassLogin()[pri:0, instance:frontend.FrontendLoginTest@194b34a]" name="frontendInvalidPassLogin" duration-ms="839" started-at="2016-01-22T14:33:12Z" description="wfp frontend invalid password login" finished-at="2016-01-22T14:33:12Z">
          <reporter-output>
          </reporter-output>
        </test-method> <!-- frontendInvalidPassLogin -->
        <test-method status="PASS" signature="frontendInvalidUserLogin()[pri:0, instance:frontend.FrontendLoginTest@194b34a]" name="frontendInvalidUserLogin" duration-ms="824" started-at="2016-01-22T14:33:12Z" description="wfp frontend invalid username login" finished-at="2016-01-22T14:33:13Z">
          <reporter-output>
          </reporter-output>
        </test-method> <!-- frontendInvalidUserLogin -->
        <test-method status="PASS" signature="frontendValidLogin()[pri:0, instance:frontend.FrontendLoginTest@194b34a]" name="frontendValidLogin" duration-ms="5801" started-at="2016-01-22T14:33:14Z" description="5. wfp frontend valid login" finished-at="2016-01-22T14:33:20Z">
          <reporter-output>
          </reporter-output>
        </test-method> <!-- frontendValidLogin -->
      </class> <!-- frontend.FrontendLoginTest -->
      <class name="backend.BackendLoginTest">
        <test-method status="PASS" signature="setupBeforeSuite(org.testng.ITestContext)[pri:0, instance:backend.BackendLoginTest@b41cfa]" name="setupBeforeSuite" is-config="true" duration-ms="1557" started-at="2016-01-22T14:32:54Z" finished-at="2016-01-22T14:32:56Z">
          <params>
            <param index="0">
              <value>
                <![CDATA[org.testng.TestRunner@1d9a778]]>
              </value>
            </param>
          </params>
          <reporter-output>
          </reporter-output>
        </test-method> <!-- setupBeforeSuite -->
        <test-method status="PASS" signature="setupBeforeSuite(org.testng.ITestContext)[pri:0, instance:frontend.FrontendLoginTest@194b34a]" name="setupBeforeSuite" is-config="true" duration-ms="1061" started-at="2016-01-22T14:32:56Z" finished-at="2016-01-22T14:32:57Z">
          <params>
            <param index="0">
              <value>
                <![CDATA[org.testng.TestRunner@1d9a778]]>
              </value>
            </param>
          </params>
          <reporter-output>
          </reporter-output>
        </test-method> <!-- setupBeforeSuite -->
        <test-method status="PASS" signature="setupBeforeSuite(org.testng.ITestContext)[pri:0, instance:backend.MakeUserTest@186f987]" name="setupBeforeSuite" is-config="true" duration-ms="8267" started-at="2016-01-22T14:32:57Z" finished-at="2016-01-22T14:33:05Z">
          <params>
            <param index="0">
              <value>
                <![CDATA[org.testng.TestRunner@1d9a778]]>
              </value>
            </param>
          </params>
          <reporter-output>
          </reporter-output>
        </test-method> <!-- setupBeforeSuite -->
        <test-method status="PASS" signature="frontendSetup()[pri:0, instance:backend.BackendLoginTest@b41cfa]" name="frontendSetup" duration-ms="1252" started-at="2016-01-22T14:33:06Z" description="wfp backend setup" finished-at="2016-01-22T14:33:07Z">
          <reporter-output>
          </reporter-output>
        </test-method> <!-- frontendSetup -->
        <test-method status="PASS" signature="frontendInvalidUserLogin()[pri:0, instance:backend.BackendLoginTest@b41cfa]" name="frontendInvalidUserLogin" duration-ms="684" started-at="2016-01-22T14:33:09Z" description="wfp frontend invalid username login" finished-at="2016-01-22T14:33:09Z">
          <reporter-output>
          </reporter-output>
        </test-method> <!-- frontendInvalidUserLogin -->
        <test-method status="PASS" signature="frontendInvalidPassLogin()[pri:0, instance:backend.BackendLoginTest@b41cfa]" name="frontendInvalidPassLogin" duration-ms="778" started-at="2016-01-22T14:33:09Z" description="wfp frontend invalid password login" finished-at="2016-01-22T14:33:10Z">
          <reporter-output>
          </reporter-output>
        </test-method> <!-- frontendInvalidPassLogin -->
        <test-method status="PASS" signature="frontendInvalidLogin()[pri:0, instance:backend.BackendLoginTest@b41cfa]" name="frontendInvalidLogin" duration-ms="755" started-at="2016-01-22T14:33:10Z" description="wfp frontend invalid credentials login" finished-at="2016-01-22T14:33:11Z">
          <reporter-output>
          </reporter-output>
        </test-method> <!-- frontendInvalidLogin -->
        <test-method status="PASS" signature="frontendValidLogin()[pri:0, instance:backend.BackendLoginTest@b41cfa]" name="frontendValidLogin" duration-ms="905" started-at="2016-01-22T14:33:13Z" description="5. wfp frontend valid login" finished-at="2016-01-22T14:33:14Z">
          <reporter-output>
          </reporter-output>
        </test-method> <!-- frontendValidLogin -->
        <test-method status="PASS" signature="setupAfterSuite()[pri:0, instance:backend.BackendLoginTest@b41cfa]" name="setupAfterSuite" is-config="true" duration-ms="562" started-at="2016-01-22T14:33:22Z" finished-at="2016-01-22T14:33:23Z">
          <reporter-output>
          </reporter-output>
        </test-method> <!-- setupAfterSuite -->
        <test-method status="PASS" signature="setupAfterSuite()[pri:0, instance:frontend.FrontendLoginTest@194b34a]" name="setupAfterSuite" is-config="true" duration-ms="565" started-at="2016-01-22T14:33:23Z" finished-at="2016-01-22T14:33:23Z">
          <reporter-output>
          </reporter-output>
        </test-method> <!-- setupAfterSuite -->
        <test-method status="PASS" signature="setupAfterSuite()[pri:0, instance:backend.MakeUserTest@186f987]" name="setupAfterSuite" is-config="true" duration-ms="561" started-at="2016-01-22T14:33:23Z" finished-at="2016-01-22T14:33:24Z">
          <reporter-output>
          </reporter-output>
        </test-method> <!-- setupAfterSuite -->
      </class> <!-- backend.BackendLoginTest -->
    </test> <!-- Command line test -->
  </suite> <!-- Command line suite -->
</testng-results>
