<?xml version="1.0" encoding="UTF-8"?>
<!-- Generated by org.testng.reporters.JUnitXMLReporter -->
<testsuite hostname="camiel-linuxLaptop" name="Command line test" tests="15" failures="0" timestamp="22 Jan 2016 13:31:54 GMT" time="0.026" errors="0">
  <testcase name="@BeforeSuite setupBeforeSuite" time="0.0" classname="backend.BackendLoginTest">
    <failure type="java.lang.AssertionError" message="expected [Welcome to Workflow4people Forms] but found [Welkom bij Opleiding wijkverpleging]">
      <![CDATA[java.lang.AssertionError: expected [Welcome to Workflow4people Forms] but found [Welkom bij Opleiding wijkverpleging]
	at resources.FrontendLogin.submitForm(FrontendLogin.java:32)
	at resources.SuiteSetup.getFrontendDriver(SuiteSetup.java:43)
	at frontend.FormVisibilityTest.setupBeforeSuite(FormVisibilityTest.java:30)
... Removed 33 stack frames]]>
    </failure>
  </testcase> <!-- @BeforeSuite setupBeforeSuite -->
  <testcase name="@BeforeSuite setupBeforeSuite" time="0.0" classname="backend.BackendLoginTest">
    <skipped/>
  </testcase> <!-- @BeforeSuite setupBeforeSuite -->
  <testcase name="@BeforeSuite setupBeforeSuite" time="0.0" classname="backend.BackendLoginTest">
    <skipped/>
  </testcase> <!-- @BeforeSuite setupBeforeSuite -->
  <testcase name="openForm" time="0.0" classname="frontend.FormVisibilityTest">
    <skipped/>
  </testcase> <!-- openForm -->
  <testcase name="frontendSetup" time="0.0" classname="frontend.FrontendLoginTest">
    <skipped/>
  </testcase> <!-- frontendSetup -->
  <testcase name="openUserPage" time="0.0" classname="backend.MakeUserTest">
    <skipped/>
  </testcase> <!-- openUserPage -->
  <testcase name="frontendSetup" time="0.0" classname="backend.BackendLoginTest">
    <skipped/>
  </testcase> <!-- frontendSetup -->
  <testcase name="checkElementVisibility" time="0.0" classname="frontend.FormVisibilityTest">
    <skipped/>
  </testcase> <!-- checkElementVisibility -->
  <testcase name="frontendInvalidLogin" time="0.0" classname="frontend.FrontendLoginTest">
    <skipped/>
  </testcase> <!-- frontendInvalidLogin -->
  <testcase name="frontendInvalidPassLogin" time="0.0" classname="frontend.FrontendLoginTest">
    <skipped/>
  </testcase> <!-- frontendInvalidPassLogin -->
  <testcase name="frontendInvalidUserLogin" time="0.0" classname="frontend.FrontendLoginTest">
    <skipped/>
  </testcase> <!-- frontendInvalidUserLogin -->
  <testcase name="frontendInvalidUserLogin" time="0.001" classname="backend.BackendLoginTest">
    <skipped/>
  </testcase> <!-- frontendInvalidUserLogin -->
  <testcase name="frontendInvalidPassLogin" time="0.0" classname="backend.BackendLoginTest">
    <skipped/>
  </testcase> <!-- frontendInvalidPassLogin -->
  <testcase name="frontendInvalidLogin" time="0.0" classname="backend.BackendLoginTest">
    <skipped/>
  </testcase> <!-- frontendInvalidLogin -->
  <testcase name="frontendValidLogin" time="0.0" classname="frontend.FrontendLoginTest">
    <skipped/>
  </testcase> <!-- frontendValidLogin -->
  <testcase name="frontendValidLogin" time="0.0" classname="backend.BackendLoginTest">
    <skipped/>
  </testcase> <!-- frontendValidLogin -->
  <testcase name="makeUser" time="0.0" classname="backend.MakeUserTest">
    <skipped/>
  </testcase> <!-- makeUser -->
  <testcase name="validateNewUser" time="0.0" classname="backend.MakeUserTest">
    <skipped/>
  </testcase> <!-- validateNewUser -->
</testsuite> <!-- Command line test -->
